0 info it worked if it ends with ok
1 verbose cli [ '/usr/bin/nodejs',
1 verbose cli   '/usr/bin/npm',
1 verbose cli   'install',
1 verbose cli   'express-handlebars' ]
2 info using npm@1.4.21
3 info using node@v0.10.25
4 error Error: Invalid version: "0.1"
4 error     at Object.module.exports.fixVersionField (/usr/lib/nodejs/normalize-package-data/lib/fixer.js:178:13)
4 error     at /usr/lib/nodejs/normalize-package-data/lib/normalize.js:29:38
4 error     at Array.forEach (native)
4 error     at normalize (/usr/lib/nodejs/normalize-package-data/lib/normalize.js:28:15)
4 error     at final (/usr/lib/nodejs/read-package-json/read-json.js:342:33)
4 error     at then (/usr/lib/nodejs/read-package-json/read-json.js:126:33)
4 error     at /usr/lib/nodejs/read-package-json/read-json.js:331:40
4 error     at evalmachine.<anonymous>:268:14
4 error     at /usr/lib/nodejs/graceful-fs/graceful-fs.js:102:5
4 error     at Object.oncomplete (evalmachine.<anonymous>:107:15)
5 error If you need help, you may report this *entire* log,
5 error including the npm and node versions, at:
5 error     <http://github.com/npm/npm/issues>
6 error System Linux 3.19.0-15-generic
7 error command "/usr/bin/nodejs" "/usr/bin/npm" "install" "express-handlebars"
8 error cwd /home/mrnvk/Programming/Nodejs/SemanticWebProject
9 error node -v v0.10.25
10 error npm -v 1.4.21
11 verbose exit [ 1, true ]
